<?xml version="1.0" encoding="UTF-8"?>
<testng-results skipped="0" failed="0" ignored="0" total="1" passed="1">
  <reporter-output>
  </reporter-output>
  <suite name="Surefire suite" duration-ms="6797" started-at="2021-12-27T12:23:37 IST" finished-at="2021-12-27T12:23:44 IST">
    <groups>
    </groups>
    <test name="Surefire test" duration-ms="6797" started-at="2021-12-27T12:23:37 IST" finished-at="2021-12-27T12:23:44 IST">
      <class name="com.advantage.tests.LoginTest">
        <test-method status="PASS" signature="setup()[pri:0, instance:com.advantage.tests.LoginTest@239963d8]" name="setup" is-config="true" duration-ms="2989" started-at="2021-12-27T12:23:37 IST" finished-at="2021-12-27T12:23:40 IST">
          <reporter-output>
          </reporter-output>
        </test-method> <!-- setup -->
        <test-method status="PASS" signature="testLogin()[pri:0, instance:com.advantage.tests.LoginTest@239963d8]" name="testLogin" duration-ms="3777" started-at="2021-12-27T12:23:40 IST" finished-at="2021-12-27T12:23:44 IST">
          <reporter-output>
          </reporter-output>
        </test-method> <!-- testLogin -->
      </class> <!-- com.advantage.tests.LoginTest -->
    </test> <!-- Surefire test -->
  </suite> <!-- Surefire suite -->
</testng-results>
